<?xml version="1.0" encoding="UTF-8"?>
<!-- Generated by org.testng.reporters.JUnitXMLReporter -->
<testsuite ignored="0" hostname="Arjun_PC" failures="1" tests="1" name="Default test" time="29.342" errors="0" timestamp="2026-02-01T07:52:45 EST">
  <testcase classname="io.cucumber.testng.AbstractTestNGCucumberTests" name="runScenario" time="29.124">
    <failure type="java.lang.NullPointerException" message="Cannot invoke &amp;quot;org.openqa.selenium.WebDriver.get(String)&amp;quot; because the return value of &amp;quot;genericPackage.DriverManager.getDriver()&amp;quot; is null">
      <![CDATA[java.lang.NullPointerException: Cannot invoke "org.openqa.selenium.WebDriver.get(String)" because the return value of "genericPackage.DriverManager.getDriver()" is null
at com.Framework.StepDef.TestSteps.the_user_is_on_the_login_page(TestSteps.java:16)
at ✽.the user is on the login page(file:///C:/Users/mayan/workspace/AutomationFrameWork/src/main/resources/Features/test.feature:7)
]]>
    </failure>
  </testcase> <!-- runScenario -->
</testsuite> <!-- Default test -->
