<?xml version="1.0" encoding="UTF-8"?>
<testng-results ignored="0" total="2" passed="2" failed="0" skipped="0">
  <reporter-output>
  </reporter-output>
  <suite started-at="2026-02-22T10:01:06 EST" name="CucumberSuite" finished-at="2026-02-22T10:01:14 EST" duration-ms="8337">
    <groups>
      <group name="cucumber">
        <method signature="AbstractTestNGCucumberTests.runScenario(io.cucumber.testng.PickleWrapper,io.cucumber.testng.FeatureWrapper)[pri:0, instance:UI.Runner.SmokeRun@28701274]" name="runScenario" class="io.cucumber.testng.AbstractTestNGCucumberTests"/>
        <method signature="AbstractTestNGCucumberTests.runScenario(io.cucumber.testng.PickleWrapper,io.cucumber.testng.FeatureWrapper)[pri:0, instance:UI.Runner.SmokeRun@74e52ef6]" name="runScenario" class="io.cucumber.testng.AbstractTestNGCucumberTests"/>
      </group> <!-- cucumber -->
    </groups>
    <test started-at="2026-02-22T10:01:06 EST" name="EdgeTests" finished-at="2026-02-22T10:01:09 EST" duration-ms="3140">
      <class name="UI.Runner.SmokeRun">
        <test-method is-config="true" signature="setup(java.lang.String,java.lang.String)[pri:0, instance:UI.Runner.SmokeRun@74e52ef6]" started-at="2026-02-22T10:01:06 EST" name="setup" finished-at="2026-02-22T10:01:06 EST" duration-ms="15" status="PASS">
          <params>
            <param index="0">
              <value>
                <![CDATA[edge]]>
              </value>
            </param>
            <param index="1">
              <value>
                <![CDATA[LOCAL]]>
              </value>
            </param>
          </params>
          <reporter-output>
          </reporter-output>
        </test-method> <!-- setup -->
        <test-method is-config="true" signature="setUpClass(org.testng.ITestContext)[pri:0, instance:UI.Runner.SmokeRun@74e52ef6]" started-at="2026-02-22T10:01:06 EST" name="setUpClass" finished-at="2026-02-22T10:01:07 EST" duration-ms="599" status="PASS">
          <params>
            <param index="0">
              <value>
                <![CDATA[org.testng.TestRunner@15ca7889]]>
              </value>
            </param>
          </params>
          <reporter-output>
          </reporter-output>
        </test-method> <!-- setUpClass -->
        <test-method signature="runScenario(io.cucumber.testng.PickleWrapper,io.cucumber.testng.FeatureWrapper)[pri:0, instance:UI.Runner.SmokeRun@74e52ef6]" started-at="2026-02-22T10:01:07 EST" name="runScenario" description="Runs Cucumber Scenarios" data-provider="scenarios" finished-at="2026-02-22T10:01:09 EST" duration-ms="2210" status="PASS">
          <params>
            <param index="0">
              <value>
                <![CDATA["Successful login with valid credentials"]]>
              </value>
            </param>
            <param index="1">
              <value>
                <![CDATA["Login functionality"]]>
              </value>
            </param>
          </params>
          <reporter-output>
          </reporter-output>
        </test-method> <!-- runScenario -->
        <test-method is-config="true" signature="tearDownClass()[pri:0, instance:UI.Runner.SmokeRun@74e52ef6]" started-at="2026-02-22T10:01:09 EST" name="tearDownClass" finished-at="2026-02-22T10:01:09 EST" duration-ms="284" status="PASS">
          <reporter-output>
          </reporter-output>
        </test-method> <!-- tearDownClass -->
      </class> <!-- UI.Runner.SmokeRun -->
    </test> <!-- EdgeTests -->
    <test started-at="2026-02-22T10:01:06 EST" name="ChromeTests" finished-at="2026-02-22T10:01:14 EST" duration-ms="8337">
      <class name="UI.Runner.SmokeRun">
        <test-method is-config="true" signature="setup(java.lang.String,java.lang.String)[pri:0, instance:UI.Runner.SmokeRun@28701274]" started-at="2026-02-22T10:01:06 EST" name="setup" finished-at="2026-02-22T10:01:06 EST" duration-ms="15" status="PASS">
          <params>
            <param index="0">
              <value>
                <![CDATA[chrome]]>
              </value>
            </param>
            <param index="1">
              <value>
                <![CDATA[LOCAL]]>
              </value>
            </param>
          </params>
          <reporter-output>
          </reporter-output>
        </test-method> <!-- setup -->
        <test-method is-config="true" signature="setUpClass(org.testng.ITestContext)[pri:0, instance:UI.Runner.SmokeRun@28701274]" started-at="2026-02-22T10:01:06 EST" name="setUpClass" finished-at="2026-02-22T10:01:07 EST" duration-ms="599" status="PASS">
          <params>
            <param index="0">
              <value>
                <![CDATA[org.testng.TestRunner@3c0be339]]>
              </value>
            </param>
          </params>
          <reporter-output>
          </reporter-output>
        </test-method> <!-- setUpClass -->
        <test-method signature="runScenario(io.cucumber.testng.PickleWrapper,io.cucumber.testng.FeatureWrapper)[pri:0, instance:UI.Runner.SmokeRun@28701274]" started-at="2026-02-22T10:01:07 EST" name="runScenario" description="Runs Cucumber Scenarios" data-provider="scenarios" finished-at="2026-02-22T10:01:14 EST" duration-ms="7649" status="PASS">
          <params>
            <param index="0">
              <value>
                <![CDATA["Successful login with valid credentials"]]>
              </value>
            </param>
            <param index="1">
              <value>
                <![CDATA["Login functionality"]]>
              </value>
            </param>
          </params>
          <reporter-output>
          </reporter-output>
        </test-method> <!-- runScenario -->
        <test-method is-config="true" signature="tearDownClass()[pri:0, instance:UI.Runner.SmokeRun@28701274]" started-at="2026-02-22T10:01:14 EST" name="tearDownClass" finished-at="2026-02-22T10:01:14 EST" duration-ms="45" status="PASS">
          <reporter-output>
          </reporter-output>
        </test-method> <!-- tearDownClass -->
      </class> <!-- UI.Runner.SmokeRun -->
    </test> <!-- ChromeTests -->
  </suite> <!-- CucumberSuite -->
</testng-results>
